[2026-01-09 15:28:22] 开始处理PDF: \\172.18.101.248\估值邮件\估值材料（备查）\2026\20260109\1场外开基\20260109分红单\基金红利发放确认（通过民生xx）-万联资管万事如意FOF1号单一...类-确认成功-2026-01-09-01400000009390.pdf
[2026-01-09 15:28:22] 正在导入easyocr...
[2026-01-09 15:28:29] easyocr导入成功
[2026-01-09 15:28:29] 初始化 EasyOCR...
[2026-01-09 15:28:29] 首次运行会下载模型文件，请稍等...
[2026-01-09 15:28:31] EasyOCR 初始化成功
[2026-01-09 15:28:31] 正在打开PDF文件...
[2026-01-09 15:28:31] PDF打开成功，共1页
[2026-01-09 15:28:31] 正在处理页面 1/1...
[2026-01-09 15:28:31] 页面1加载成功
[2026-01-09 15:28:31] 页面1转换为图像成功
[2026-01-09 15:28:31] 临时文件路径: C:\Users\ADMINI~1\AppData\Local\Temp\tmpn0rglton.png
[2026-01-09 15:28:31] 临时图像保存成功: C:\Users\ADMINI~1\AppData\Local\Temp\tmpn0rglton.png
[2026-01-09 15:28:31] 临时文件大小: 212840 字节
[2026-01-09 15:28:31] 开始OCR识别页面1...
[2026-01-09 15:28:43] OCR识别完成，获得48个结果
[2026-01-09 15:28:43] 识别文本: 中国民生银行 (置信度: 0.94)
[2026-01-09 15:28:43] 识别文本: CHINA MINSHENC BANK (置信度: 0.72)
[2026-01-09 15:28:43] 识别文本: 资管产品确认 (置信度: 0.96)
[2026-01-09 15:28:43] 识别文本: 业务确认单 (置信度: 0.98)
[2026-01-09 15:28:43] 识别文本: 交易日期:  2026-01-09 (置信度: 0.82)
[2026-01-09 15:28:43] 识别文本: 交易流水号: 01400000009390 (置信度: 0.68)
[2026-01-09 15:28:43] 识别文本: 银行账号: 051010100102026063 (置信度: 0.66)
[2026-01-09 15:28:43] 识别文本: 户名: 万联资管万事如意FC1号单一资产管理计划 (置信度: 0.68)
[2026-01-09 15:28:43] 识别文本: 客户名称:  万联资管万事如意FC 1号单一资产管理计划 (置信度: 0.59)
[2026-01-09 15:28:43] 识别文本: TA流水号: (置信度: 0.31)
[2026-01-09 15:28:43] 识别文本: 01400000009390 (置信度: 1.00)
[2026-01-09 15:28:43] 识别文本: TA号码: (置信度: 0.51)
[2026-01-09 15:28:43] 识别文本: 3R (置信度: 0.52)
[2026-01-09 15:28:43] 识别文本: 基金账号: (置信度: 0.57)
[2026-01-09 15:28:43] 识别文本: 3R8014021036 (置信度: 0.96)
[2026-01-09 15:28:43] 识别文本: 币种:  人民币 (置信度: 0.67)
[2026-01-09 15:28:43] 识别文本: 单位净值(元) : (置信度: 0.90)
[2026-01-09 15:28:43] 识别文本: 1. 0OOOOOOO (置信度: 0.54)
[2026-01-09 15:28:43] 识别文本: 手续费(元) : 0.00 (置信度: 0.47)
[2026-01-09 15:28:43] 识别文本: 申请金额 (元) : (置信度: 0.77)
[2026-01-09 15:28:43] 识别文本: 0.00 (置信度: 1.00)
[2026-01-09 15:28:43] 识别文本: 确认金额(元) :0.00 (置信度: 0.62)
[2026-01-09 15:28:43] 识别文本: 申请份额(份) : (置信度: 0.72)
[2026-01-09 15:28:43] 识别文本: 1004159.15 (置信度: 0.98)
[2026-01-09 15:28:43] 识别文本: 确认份额(份) :66.75 (置信度: 0.60)
[2026-01-09 15:28:43] 识别文本: 业务专用章 (置信度: 0.89)
[2026-01-09 15:28:43] 识别文本: 产品管理人:  嘉合基金 (置信度: 0.79)
[2026-01-09 15:28:43] 识别文本: 交易渠逍: XX (置信度: 0.64)
[2026-01-09 15:28:43] 识别文本: 76B4CADSEZFZ (置信度: 0.60)
[2026-01-09 15:28:43] 识别文本: 申请日期: (置信度: 0.84)
[2026-01-09 15:28:43] 识别文本: 202601-09 (置信度: 1.00)
[2026-01-09 15:28:43] 识别文本: 确认结果:  确认成功 (置信度: 0.30)
[2026-01-09 15:28:43] 识别文本: 交易模式:  快捷模式 (置信度: 0.86)
[2026-01-09 15:28:43] 识别文本: 确认日期:  2026-01-09 (置信度: 0.67)
[2026-01-09 15:28:43] 识别文本: 产品代码: (置信度: 0.58)
[2026-01-09 15:28:43] 识别文本: 001232 (置信度: 1.00)
[2026-01-09 15:28:43] 识别文本: 交易类型:  基金红利发放 (置信度: 0.69)
[2026-01-09 15:28:43] 识别文本: 产品名称: (置信度: 0.86)
[2026-01-09 15:28:43] 识别文本: 嘉合货币市场基金4类 (置信度: 0.57)
[2026-01-09 15:28:43] 识别文本: 分红方式:  红利再投 (置信度: 0.70)
[2026-01-09 15:28:43] 识别文本: 注:  最终业务确认结果以产品管理人提供信息为准。 (置信度: 0.35)
[2026-01-09 15:28:43] 识别文本: 打印渠逍: XX (置信度: 0.67)
[2026-01-09 15:28:43] 识别文本: 打印时间: (置信度: 0.38)
[2026-01-09 15:28:43] 识别文本: 2026-01-09 (置信度: 0.98)
[2026-01-09 15:28:43] 识别文本: 12:10:51 (置信度: 1.00)
[2026-01-09 15:28:43] 页面 1 完成，识别到 45 行文本
[2026-01-09 15:28:43] 临时文件已删除: C:\Users\ADMINI~1\AppData\Local\Temp\tmpn0rglton.png
[2026-01-09 15:28:43] PDF处理完成，总共提取到45行文本
